TN:
SF:src\App.jsx
FN:44,(anonymous_0)
FN:60,AppLayout
FN:63,(anonymous_2)
FN:85,App
FNF:4
FNH:0
FNDA:0,(anonymous_0)
FNDA:0,AppLayout
FNDA:0,(anonymous_2)
FNDA:0,App
DA:44,0
DA:45,0
DA:53,0
DA:61,0
DA:62,0
DA:63,0
DA:65,0
DA:66,0
DA:77,0
DA:86,0
LF:10
LH:0
BRDA:63,0,0,0
BRDA:63,0,1,0
BRDA:65,1,0,0
BRDA:65,1,1,0
BRF:4
BRH:0
end_of_record
TN:
SF:src\components\AdminDashboard.jsx
FN:11,(anonymous_0)
FN:221,(anonymous_1)
FN:237,(anonymous_2)
FN:242,(anonymous_3)
FN:272,(anonymous_4)
FN:282,(anonymous_5)
FN:294,(anonymous_6)
FN:305,(anonymous_7)
FN:318,(anonymous_8)
FN:326,(anonymous_9)
FN:327,(anonymous_10)
FN:328,(anonymous_11)
FN:328,(anonymous_12)
FN:330,(anonymous_13)
FN:334,(anonymous_14)
FN:377,(anonymous_15)
FN:403,(anonymous_16)
FN:406,(anonymous_17)
FN:422,(anonymous_18)
FN:423,(anonymous_19)
FN:443,(anonymous_20)
FN:444,(anonymous_21)
FN:445,(anonymous_22)
FN:445,(anonymous_23)
FN:477,(anonymous_24)
FN:489,(anonymous_25)
FN:515,(anonymous_26)
FN:570,(anonymous_27)
FN:570,(anonymous_28)
FN:581,(anonymous_29)
FN:591,(anonymous_30)
FN:613,(anonymous_31)
FN:622,(anonymous_32)
FN:639,(anonymous_33)
FN:640,(anonymous_34)
FN:658,(anonymous_35)
FN:667,(anonymous_36)
FN:719,(anonymous_37)
FN:758,(anonymous_38)
FNF:39
FNH:0
FNDA:0,(anonymous_0)
FNDA:0,(anonymous_1)
FNDA:0,(anonymous_2)
FNDA:0,(anonymous_3)
FNDA:0,(anonymous_4)
FNDA:0,(anonymous_5)
FNDA:0,(anonymous_6)
FNDA:0,(anonymous_7)
FNDA:0,(anonymous_8)
FNDA:0,(anonymous_9)
FNDA:0,(anonymous_10)
FNDA:0,(anonymous_11)
FNDA:0,(anonymous_12)
FNDA:0,(anonymous_13)
FNDA:0,(anonymous_14)
FNDA:0,(anonymous_15)
FNDA:0,(anonymous_16)
FNDA:0,(anonymous_17)
FNDA:0,(anonymous_18)
FNDA:0,(anonymous_19)
FNDA:0,(anonymous_20)
FNDA:0,(anonymous_21)
FNDA:0,(anonymous_22)
FNDA:0,(anonymous_23)
FNDA:0,(anonymous_24)
FNDA:0,(anonymous_25)
FNDA:0,(anonymous_26)
FNDA:0,(anonymous_27)
FNDA:0,(anonymous_28)
FNDA:0,(anonymous_29)
FNDA:0,(anonymous_30)
FNDA:0,(anonymous_31)
FNDA:0,(anonymous_32)
FNDA:0,(anonymous_33)
FNDA:0,(anonymous_34)
FNDA:0,(anonymous_35)
FNDA:0,(anonymous_36)
FNDA:0,(anonymous_37)
FNDA:0,(anonymous_38)
DA:9,0
DA:11,0
DA:16,0
DA:221,0
DA:222,0
DA:223,0
DA:225,0
DA:226,0
DA:227,0
DA:229,0
DA:230,0
DA:231,0
DA:232,0
DA:233,0
DA:234,0
DA:235,0
DA:237,0
DA:238,0
DA:239,0
DA:242,0
DA:243,0
DA:244,0
DA:245,0
DA:249,0
DA:257,0
DA:258,0
DA:260,0
DA:261,0
DA:262,0
DA:263,0
DA:266,0
DA:268,0
DA:272,0
DA:273,0
DA:274,0
DA:275,0
DA:276,0
DA:278,0
DA:282,0
DA:283,0
DA:284,0
DA:285,0
DA:286,0
DA:287,0
DA:289,0
DA:294,0
DA:295,0
DA:296,0
DA:297,0
DA:298,0
DA:300,0
DA:305,0
DA:306,0
DA:307,0
DA:308,0
DA:309,0
DA:311,0
DA:312,0
DA:317,0
DA:318,0
DA:319,0
DA:321,0
DA:325,0
DA:326,0
DA:327,0
DA:328,0
DA:330,0
DA:331,0
DA:334,0
DA:335,0
DA:339,0
DA:348,0
DA:355,0
DA:377,0
DA:404,0
DA:406,0
DA:423,0
DA:424,0
DA:425,0
DA:426,0
DA:444,0
DA:445,0
DA:446,0
DA:447,0
DA:448,0
DA:478,0
DA:489,0
DA:516,0
DA:570,0
DA:581,0
DA:591,0
DA:613,0
DA:623,0
DA:624,0
DA:625,0
DA:639,0
DA:640,0
DA:658,0
DA:668,0
DA:669,0
DA:672,0
DA:675,0
DA:720,0
DA:724,0
DA:759,0
DA:760,0
LF:106
LH:0
BRDA:238,0,0,0
BRDA:238,0,1,0
BRDA:238,1,0,0
BRDA:238,1,1,0
BRDA:257,2,0,0
BRDA:257,2,1,0
BRDA:260,3,0,0
BRDA:260,3,1,0
BRDA:261,4,0,0
BRDA:261,4,1,0
BRDA:261,5,0,0
BRDA:261,5,1,0
BRDA:262,6,0,0
BRDA:262,6,1,0
BRDA:262,7,0,0
BRDA:262,7,1,0
BRDA:263,8,0,0
BRDA:263,8,1,0
BRDA:263,9,0,0
BRDA:263,9,1,0
BRDA:283,10,0,0
BRDA:283,10,1,0
BRDA:306,11,0,0
BRDA:306,11,1,0
BRDA:307,12,0,0
BRDA:307,12,1,0
BRDA:307,13,0,0
BRDA:307,13,1,0
BRDA:317,14,0,0
BRDA:317,14,1,0
BRDA:328,15,0,0
BRDA:328,15,1,0
BRDA:331,16,0,0
BRDA:331,16,1,0
BRDA:335,17,0,0
BRDA:335,17,1,0
BRDA:341,18,0,0
BRDA:341,18,1,0
BRDA:348,19,0,0
BRDA:348,19,1,0
BRDA:364,20,0,0
BRDA:364,20,1,0
BRDA:374,21,0,0
BRDA:374,21,1,0
BRDA:376,22,0,0
BRDA:376,22,1,0
BRDA:405,23,0,0
BRDA:405,23,1,0
BRDA:416,24,0,0
BRDA:416,24,1,0
BRDA:445,25,0,0
BRDA:445,25,1,0
BRDA:475,26,0,0
BRDA:475,26,1,0
BRDA:483,27,0,0
BRDA:483,27,1,0
BRDA:484,28,0,0
BRDA:484,28,1,0
BRDA:484,29,0,0
BRDA:484,29,1,0
BRDA:488,30,0,0
BRDA:488,30,1,0
BRDA:488,31,0,0
BRDA:488,31,1,0
BRDA:502,32,0,0
BRDA:502,32,1,0
BRDA:511,33,0,0
BRDA:511,33,1,0
BRDA:536,34,0,0
BRDA:536,34,1,0
BRDA:569,35,0,0
BRDA:569,35,1,0
BRDA:608,36,0,0
BRDA:608,36,1,0
BRDA:620,37,0,0
BRDA:620,37,1,0
BRDA:624,38,0,0
BRDA:624,38,1,0
BRDA:624,39,0,0
BRDA:624,39,1,0
BRDA:632,40,0,0
BRDA:632,40,1,0
BRDA:633,41,0,0
BRDA:633,41,1,0
BRDA:637,42,0,0
BRDA:637,42,1,0
BRDA:638,43,0,0
BRDA:638,43,1,0
BRDA:642,44,0,0
BRDA:642,44,1,0
BRDA:653,45,0,0
BRDA:653,45,1,0
BRDA:665,46,0,0
BRDA:665,46,1,0
BRDA:669,47,0,0
BRDA:669,47,1,0
BRDA:670,48,0,0
BRDA:670,48,1,0
BRDA:672,49,0,0
BRDA:672,49,1,0
BRDA:673,50,0,0
BRDA:673,50,1,0
BRDA:682,51,0,0
BRDA:682,51,1,0
BRDA:685,52,0,0
BRDA:685,52,1,0
BRDA:692,53,0,0
BRDA:692,53,1,0
BRDA:707,54,0,0
BRDA:707,54,1,0
BRDA:717,55,0,0
BRDA:717,55,1,0
BRDA:720,56,0,0
BRDA:720,56,1,0
BRDA:743,57,0,0
BRDA:743,57,1,0
BRDA:756,58,0,0
BRDA:756,58,1,0
BRDA:759,59,0,0
BRDA:759,59,1,0
BRDA:769,60,0,0
BRDA:769,60,1,0
BRF:122
BRH:0
end_of_record
TN:
SF:src\components\BookAppointment.jsx
FN:7,(anonymous_0)
FN:26,(anonymous_1)
FN:31,(anonymous_2)
FN:48,(anonymous_3)
FN:58,(anonymous_4)
FN:65,(anonymous_5)
FN:79,(anonymous_6)
FN:97,(anonymous_7)
FN:105,(anonymous_8)
FN:110,(anonymous_9)
FN:122,(anonymous_10)
FN:129,(anonymous_11)
FN:203,(anonymous_12)
FN:218,(anonymous_13)
FN:222,(anonymous_14)
FN:227,(anonymous_15)
FN:249,(anonymous_16)
FN:259,(anonymous_17)
FN:272,(anonymous_18)
FNF:19
FNH:0
FNDA:0,(anonymous_0)
FNDA:0,(anonymous_1)
FNDA:0,(anonymous_2)
FNDA:0,(anonymous_3)
FNDA:0,(anonymous_4)
FNDA:0,(anonymous_5)
FNDA:0,(anonymous_6)
FNDA:0,(anonymous_7)
FNDA:0,(anonymous_8)
FNDA:0,(anonymous_9)
FNDA:0,(anonymous_10)
FNDA:0,(anonymous_11)
FNDA:0,(anonymous_12)
FNDA:0,(anonymous_13)
FNDA:0,(anonymous_14)
FNDA:0,(anonymous_15)
FNDA:0,(anonymous_16)
FNDA:0,(anonymous_17)
FNDA:0,(anonymous_18)
DA:7,0
DA:8,0
DA:9,0
DA:10,0
DA:12,0
DA:13,0
DA:14,0
DA:15,0
DA:16,0
DA:17,0
DA:18,0
DA:20,0
DA:26,0
DA:27,0
DA:28,0
DA:31,0
DA:32,0
DA:33,0
DA:34,0
DA:36,0
DA:40,0
DA:42,0
DA:43,0
DA:45,0
DA:47,0
DA:49,0
DA:51,0
DA:53,0
DA:54,0
DA:58,0
DA:59,0
DA:60,0
DA:63,0
DA:65,0
DA:66,0
DA:67,0
DA:68,0
DA:70,0
DA:73,0
DA:75,0
DA:79,0
DA:80,0
DA:81,0
DA:82,0
DA:84,0
DA:85,0
DA:86,0
DA:96,0
DA:97,0
DA:100,0
DA:101,0
DA:105,0
DA:106,0
DA:107,0
DA:110,0
DA:112,0
DA:120,0
DA:122,0
DA:129,0
DA:203,0
DA:219,0
DA:223,0
DA:227,0
DA:249,0
DA:259,0
DA:272,0
LF:66
LH:0
BRDA:27,0,0,0
BRDA:27,0,1,0
BRDA:27,1,0,0
BRDA:27,1,1,0
BRDA:47,2,0,0
BRDA:47,2,1,0
BRDA:49,3,0,0
BRDA:49,3,1,0
BRDA:49,4,0,0
BRDA:49,4,1,0
BRDA:51,5,0,0
BRDA:51,5,1,0
BRDA:53,6,0,0
BRDA:53,6,1,0
BRDA:53,7,0,0
BRDA:53,7,1,0
BRDA:59,8,0,0
BRDA:59,8,1,0
BRDA:66,9,0,0
BRDA:66,9,1,0
BRDA:81,10,0,0
BRDA:81,10,1,0
BRDA:82,11,0,0
BRDA:82,11,1,0
BRDA:100,12,0,0
BRDA:100,12,1,0
BRDA:112,13,0,0
BRDA:112,13,1,0
BRDA:125,14,0,0
BRDA:125,14,1,0
BRDA:127,15,0,0
BRDA:127,15,1,0
BRDA:136,16,0,0
BRDA:136,16,1,0
BRDA:140,17,0,0
BRDA:140,17,1,0
BRDA:156,18,0,0
BRDA:156,18,1,0
BRDA:157,19,0,0
BRDA:157,19,1,0
BRDA:162,20,0,0
BRDA:162,20,1,0
BRDA:195,21,0,0
BRDA:195,21,1,0
BRDA:210,22,0,0
BRDA:210,22,1,0
BRDA:226,23,0,0
BRDA:226,23,1,0
BRDA:280,24,0,0
BRDA:280,24,1,0
BRDA:281,25,0,0
BRDA:281,25,1,0
BRDA:281,26,0,0
BRDA:281,26,1,0
BRDA:283,27,0,0
BRDA:283,27,1,0
BRDA:283,28,0,0
BRDA:283,28,1,0
BRF:58
BRH:0
end_of_record
TN:
SF:src\components\GuestDashboard.jsx
FN:8,(anonymous_0)
FN:22,(anonymous_1)
FN:26,(anonymous_2)
FN:41,(anonymous_3)
FN:51,(anonymous_4)
FN:62,(anonymous_5)
FN:68,(anonymous_6)
FN:71,(anonymous_7)
FN:83,(anonymous_8)
FN:98,(anonymous_9)
FN:99,(anonymous_10)
FN:115,(anonymous_11)
FN:136,(anonymous_12)
FN:137,(anonymous_13)
FN:141,(anonymous_14)
FN:147,(anonymous_15)
FN:150,(anonymous_16)
FN:152,(anonymous_17)
FN:167,(anonymous_18)
FN:168,(anonymous_19)
FN:188,(anonymous_20)
FN:203,(anonymous_21)
FN:256,(anonymous_22)
FNF:23
FNH:10
FNDA:16,(anonymous_0)
FNDA:7,(anonymous_1)
FNDA:7,(anonymous_2)
FNDA:2,(anonymous_3)
FNDA:0,(anonymous_4)
FNDA:0,(anonymous_5)
FNDA:11,(anonymous_6)
FNDA:12,(anonymous_7)
FNDA:0,(anonymous_8)
FNDA:0,(anonymous_9)
FNDA:0,(anonymous_10)
FNDA:12,(anonymous_11)
FNDA:1,(anonymous_12)
FNDA:0,(anonymous_13)
FNDA:0,(anonymous_14)
FNDA:0,(anonymous_15)
FNDA:12,(anonymous_16)
FNDA:0,(anonymous_17)
FNDA:0,(anonymous_18)
FNDA:0,(anonymous_19)
FNDA:11,(anonymous_20)
FNDA:0,(anonymous_21)
FNDA:0,(anonymous_22)
DA:6,1
DA:8,1
DA:9,16
DA:11,16
DA:12,16
DA:13,16
DA:14,16
DA:15,16
DA:16,16
DA:18,16
DA:19,16
DA:20,16
DA:22,16
DA:23,7
DA:26,16
DA:27,7
DA:28,7
DA:29,7
DA:30,5
DA:31,7
DA:32,7
DA:34,1
DA:35,1
DA:37,6
DA:41,16
DA:42,2
DA:43,1
DA:44,1
DA:45,1
DA:47,0
DA:51,16
DA:52,0
DA:53,0
DA:54,0
DA:55,0
DA:56,0
DA:58,0
DA:62,16
DA:63,0
DA:64,0
DA:65,0
DA:68,16
DA:69,11
DA:71,16
DA:73,16
DA:79,9
DA:83,0
DA:98,0
DA:99,0
DA:115,12
DA:136,1
DA:137,0
DA:141,0
DA:147,0
DA:151,12
DA:152,0
DA:167,0
DA:168,0
DA:189,11
DA:204,0
DA:205,0
DA:256,0
DA:275,1
LF:63
LH:41
BRDA:6,0,0,1
BRDA:6,0,1,1
BRDA:30,1,0,4
BRDA:30,1,1,1
BRDA:42,2,0,1
BRDA:42,2,1,1
BRDA:45,3,0,1
BRDA:45,3,1,0
BRDA:53,4,0,0
BRDA:53,4,1,0
BRDA:56,5,0,0
BRDA:56,5,1,0
BRDA:63,6,0,0
BRDA:63,6,1,0
BRDA:64,7,0,0
BRDA:64,7,1,0
BRDA:69,8,0,11
BRDA:69,8,1,0
BRDA:73,9,0,7
BRDA:73,9,1,9
BRDA:81,10,0,9
BRDA:81,10,1,0
BRDA:121,11,0,16
BRDA:121,11,1,1
BRDA:137,12,0,0
BRDA:137,12,1,0
BRDA:145,13,0,16
BRDA:145,13,1,6
BRDA:147,14,0,6
BRDA:147,14,1,0
BRDA:151,15,0,0
BRDA:151,15,1,12
BRDA:168,16,0,0
BRDA:168,16,1,0
BRDA:177,17,0,1
BRDA:177,17,1,8
BRDA:180,18,0,2
BRDA:180,18,1,7
BRDA:180,19,0,16
BRDA:180,19,1,3
BRDA:193,20,0,0
BRDA:193,20,1,11
BRDA:211,21,0,0
BRDA:211,21,1,11
BRDA:222,22,0,11
BRDA:222,22,1,0
BRDA:231,23,0,11
BRDA:231,23,1,0
BRDA:238,24,0,11
BRDA:238,24,1,11
BRDA:242,25,0,0
BRDA:242,25,1,11
BRDA:243,26,0,0
BRDA:243,26,1,0
BRDA:250,27,0,11
BRDA:250,27,1,11
BRDA:256,28,0,0
BRDA:256,28,1,0
BRDA:261,29,0,0
BRDA:261,29,1,11
BRDA:263,30,0,0
BRDA:263,30,1,11
BRF:62
BRH:34
end_of_record
TN:
SF:src\components\Login.jsx
FN:13,(anonymous_0)
FN:22,Login
FN:27,(anonymous_2)
FN:30,(anonymous_3)
FN:75,(anonymous_4)
FN:96,(anonymous_5)
FN:128,(anonymous_6)
FNF:7
FNH:6
FNDA:46,(anonymous_0)
FNDA:46,Login
FNDA:18,(anonymous_2)
FNDA:8,(anonymous_3)
FNDA:0,(anonymous_4)
FNDA:138,(anonymous_5)
FNDA:138,(anonymous_6)
DA:11,1
DA:13,1
DA:14,46
DA:23,46
DA:24,46
DA:25,46
DA:27,46
DA:30,46
DA:31,8
DA:32,8
DA:33,8
DA:34,8
DA:35,6
DA:36,6
DA:37,6
DA:38,6
DA:39,6
DA:40,8
DA:42,8
DA:43,8
DA:44,1
DA:45,1
DA:46,1
DA:48,5
DA:49,1
DA:50,4
DA:52,2
DA:53,2
DA:56,1
DA:57,2
DA:58,1
DA:60,0
DA:63,1
DA:66,2
DA:69,2
DA:71,8
DA:75,46
DA:76,0
DA:80,46
DA:97,138
DA:129,138
LF:41
LH:39
BRDA:11,0,0,1
BRDA:11,0,1,1
BRDA:39,1,0,6
BRDA:39,1,1,0
BRDA:43,2,0,1
BRDA:43,2,1,7
BRDA:48,3,0,1
BRDA:48,3,1,4
BRDA:50,4,0,2
BRDA:50,4,1,2
BRDA:57,5,0,1
BRDA:57,5,1,0
BRDA:69,6,0,2
BRDA:69,6,1,1
BRDA:182,7,0,8
BRDA:182,7,1,38
BRF:16
BRH:14
end_of_record
TN:
SF:src\components\LoginPromptModal.jsx
FN:10,(anonymous_0)
FN:13,(anonymous_1)
FN:21,(anonymous_2)
FN:28,(anonymous_3)
FNF:4
FNH:0
FNDA:0,(anonymous_0)
FNDA:0,(anonymous_1)
FNDA:0,(anonymous_2)
FNDA:0,(anonymous_3)
DA:10,1
DA:11,0
DA:13,0
DA:14,0
DA:15,0
DA:17,0
DA:18,0
DA:21,0
DA:22,0
DA:23,0
DA:26,0
DA:28,0
DA:63,1
LF:13
LH:2
BRDA:10,0,0,0
BRDA:10,1,0,0
BRDA:14,2,0,0
BRDA:14,2,1,0
BRDA:18,3,0,0
BRDA:18,3,1,0
BRDA:23,4,0,0
BRDA:23,4,1,0
BRDA:40,5,0,0
BRDA:40,5,1,0
BRF:10
BRH:0
end_of_record
TN:
SF:src\components\MyAppointments.jsx
FN:15,(anonymous_0)
FN:31,(anonymous_1)
FN:37,(anonymous_2)
FN:48,(anonymous_3)
FN:48,(anonymous_4)
FN:64,(anonymous_5)
FN:85,(anonymous_6)
FN:93,(anonymous_7)
FN:110,(anonymous_8)
FN:136,(anonymous_9)
FN:157,(anonymous_10)
FN:175,(anonymous_11)
FN:182,(anonymous_12)
FN:183,(anonymous_13)
FN:186,(anonymous_14)
FN:209,(anonymous_15)
FN:220,(anonymous_16)
FN:223,(anonymous_17)
FN:235,(anonymous_18)
FN:236,(anonymous_19)
FN:272,(anonymous_20)
FN:299,(anonymous_21)
FN:318,(anonymous_22)
FN:327,(anonymous_23)
FN:339,(anonymous_24)
FN:352,(anonymous_25)
FN:392,(anonymous_26)
FN:405,(anonymous_27)
FN:417,(anonymous_28)
FN:420,(anonymous_29)
FN:441,(anonymous_30)
FNF:31
FNH:18
FNDA:42,(anonymous_0)
FNDA:19,(anonymous_1)
FNDA:18,(anonymous_2)
FNDA:48,(anonymous_3)
FNDA:16,(anonymous_4)
FNDA:0,(anonymous_5)
FNDA:2,(anonymous_6)
FNDA:0,(anonymous_7)
FNDA:0,(anonymous_8)
FNDA:6,(anonymous_9)
FNDA:1,(anonymous_10)
FNDA:0,(anonymous_11)
FNDA:92,(anonymous_12)
FNDA:189,(anonymous_13)
FNDA:2,(anonymous_14)
FNDA:0,(anonymous_15)
FNDA:59,(anonymous_16)
FNDA:59,(anonymous_17)
FNDA:0,(anonymous_18)
FNDA:0,(anonymous_19)
FNDA:236,(anonymous_20)
FNDA:1,(anonymous_21)
FNDA:2,(anonymous_22)
FNDA:0,(anonymous_23)
FNDA:1,(anonymous_24)
FNDA:0,(anonymous_25)
FNDA:0,(anonymous_26)
FNDA:0,(anonymous_27)
FNDA:0,(anonymous_28)
FNDA:0,(anonymous_29)
FNDA:1,(anonymous_30)
DA:15,1
DA:16,42
DA:17,42
DA:18,42
DA:19,42
DA:20,42
DA:21,42
DA:22,42
DA:24,42
DA:25,42
DA:26,42
DA:27,42
DA:28,42
DA:29,42
DA:31,42
DA:32,19
DA:33,18
DA:37,42
DA:38,18
DA:39,18
DA:43,17
DA:44,17
DA:46,17
DA:47,17
DA:48,48
DA:49,16
DA:50,16
DA:51,1
DA:55,17
DA:57,1
DA:59,18
DA:64,42
DA:65,0
DA:66,0
DA:67,0
DA:68,0
DA:69,0
DA:70,0
DA:71,0
DA:72,0
DA:74,0
DA:77,0
DA:79,0
DA:81,0
DA:85,42
DA:86,2
DA:87,2
DA:88,2
DA:89,2
DA:93,42
DA:94,0
DA:95,0
DA:96,0
DA:97,0
DA:98,0
DA:102,0
DA:103,0
DA:105,0
DA:110,42
DA:111,0
DA:112,0
DA:113,0
DA:114,0
DA:115,0
DA:116,0
DA:117,0
DA:119,0
DA:121,0
DA:126,42
DA:133,42
DA:134,42
DA:136,6
DA:137,42
DA:139,42
DA:145,23
DA:157,1
DA:175,0
DA:183,189
DA:184,92
DA:185,92
DA:186,2
DA:209,0
DA:221,59
DA:222,59
DA:223,59
DA:226,59
DA:235,0
DA:236,0
DA:273,236
DA:299,1
DA:318,2
DA:327,0
DA:339,1
DA:352,0
DA:392,0
DA:405,0
DA:418,0
DA:420,0
DA:441,1
LF:99
LH:60
BRDA:32,0,0,1
BRDA:32,0,1,18
BRDA:32,1,0,19
BRDA:32,1,1,18
BRDA:65,2,0,0
BRDA:65,2,1,0
BRDA:70,3,0,0
BRDA:70,3,1,0
BRDA:70,4,0,0
BRDA:70,4,1,0
BRDA:81,5,0,0
BRDA:81,5,1,0
BRDA:96,6,0,0
BRDA:96,6,1,0
BRDA:103,7,0,0
BRDA:103,7,1,0
BRDA:111,8,0,0
BRDA:111,8,1,0
BRDA:119,9,0,0
BRDA:119,9,1,0
BRDA:134,10,0,40
BRDA:134,10,1,2
BRDA:139,11,0,19
BRDA:139,11,1,23
BRDA:171,12,0,23
BRDA:171,12,1,1
BRDA:173,13,0,1
BRDA:173,13,1,0
BRDA:183,14,0,23
BRDA:183,14,1,69
BRDA:189,15,0,23
BRDA:189,15,1,69
BRDA:190,16,0,23
BRDA:190,16,1,69
BRDA:191,17,0,23
BRDA:191,17,1,69
BRDA:192,18,0,23
BRDA:192,18,1,69
BRDA:194,19,0,23
BRDA:194,19,1,69
BRDA:197,20,0,23
BRDA:197,20,1,69
BRDA:204,21,0,2
BRDA:204,21,1,21
BRDA:207,22,0,0
BRDA:207,22,1,2
BRDA:208,23,0,0
BRDA:208,23,1,2
BRDA:221,24,0,59
BRDA:221,24,1,0
BRDA:223,25,0,59
BRDA:223,25,1,0
BRDA:285,26,0,59
BRDA:285,26,1,0
BRDA:297,27,0,59
BRDA:297,27,1,20
BRDA:298,28,0,19
BRDA:298,28,1,1
BRDA:338,29,0,59
BRDA:338,29,1,20
BRDA:351,30,0,59
BRDA:351,30,1,19
BRDA:371,31,0,42
BRDA:371,31,1,2
BRDA:408,32,0,2
BRDA:408,32,1,0
BRDA:411,33,0,0
BRDA:411,33,1,0
BRDA:419,34,0,0
BRDA:419,34,1,0
BRDA:431,35,0,2
BRDA:431,35,1,2
BRDA:434,36,0,2
BRDA:434,36,1,0
BRDA:434,37,0,2
BRDA:434,37,1,2
BRDA:437,38,0,2
BRDA:437,38,1,0
BRDA:437,39,0,2
BRDA:437,39,1,2
BRDA:439,40,0,0
BRDA:439,40,1,2
BRF:82
BRH:52
end_of_record
TN:
SF:src\components\MyMedicalRecords.jsx
FN:6,(anonymous_0)
FN:15,(anonymous_1)
FN:20,(anonymous_2)
FN:23,(anonymous_3)
FN:32,(anonymous_4)
FN:56,(anonymous_5)
FN:66,(anonymous_6)
FN:78,(anonymous_7)
FN:82,(anonymous_8)
FNF:9
FNH:0
FNDA:0,(anonymous_0)
FNDA:0,(anonymous_1)
FNDA:0,(anonymous_2)
FNDA:0,(anonymous_3)
FNDA:0,(anonymous_4)
FNDA:0,(anonymous_5)
FNDA:0,(anonymous_6)
FNDA:0,(anonymous_7)
FNDA:0,(anonymous_8)
DA:6,0
DA:7,0
DA:8,0
DA:10,0
DA:11,0
DA:12,0
DA:13,0
DA:15,0
DA:16,0
DA:17,0
DA:20,0
DA:21,0
DA:22,0
DA:23,0
DA:24,0
DA:26,0
DA:28,0
DA:32,0
DA:33,0
DA:34,0
DA:39,0
DA:47,0
DA:56,0
DA:66,0
DA:79,0
DA:80,0
DA:82,0
LF:27
LH:0
BRDA:16,0,0,0
BRDA:16,0,1,0
BRDA:16,1,0,0
BRDA:16,1,1,0
BRDA:33,2,0,0
BRDA:33,2,1,0
BRDA:39,3,0,0
BRDA:39,3,1,0
BRDA:53,4,0,0
BRDA:53,4,1,0
BRDA:62,5,0,0
BRDA:62,5,1,0
BRDA:64,6,0,0
BRDA:64,6,1,0
BRDA:70,7,0,0
BRDA:70,7,1,0
BRDA:82,8,0,0
BRDA:82,8,1,0
BRDA:93,9,0,0
BRDA:93,9,1,0
BRDA:106,10,0,0
BRDA:106,10,1,0
BRDA:110,11,0,0
BRDA:110,11,1,0
BRDA:123,12,0,0
BRDA:123,12,1,0
BRDA:130,13,0,0
BRDA:130,13,1,0
BRDA:137,14,0,0
BRDA:137,14,1,0
BRDA:144,15,0,0
BRDA:144,15,1,0
BRF:32
BRH:0
end_of_record
TN:
SF:src\components\Navbar.jsx
FN:5,(anonymous_0)
FN:9,(anonymous_1)
FNF:2
FNH:2
FNDA:12,(anonymous_0)
FNDA:1,(anonymous_1)
DA:5,1
DA:6,12
DA:7,12
DA:9,12
DA:10,1
DA:11,1
DA:12,1
DA:15,12
LF:8
LH:8
BRDA:28,0,0,12
BRDA:28,0,1,4
BRDA:35,1,0,12
BRDA:35,1,1,4
BRDA:45,2,0,12
BRDA:45,2,1,2
BRDA:55,3,0,12
BRDA:55,3,1,2
BRDA:62,4,0,8
BRDA:62,4,1,4
BRF:10
BRH:10
end_of_record
TN:
SF:src\components\Notifications.jsx
FN:6,(anonymous_0)
FN:14,(anonymous_1)
FN:24,(anonymous_2)
FN:29,(anonymous_3)
FN:36,(anonymous_4)
FN:53,(anonymous_5)
FN:106,(anonymous_6)
FN:119,(anonymous_7)
FNF:8
FNH:0
FNDA:0,(anonymous_0)
FNDA:0,(anonymous_1)
FNDA:0,(anonymous_2)
FNDA:0,(anonymous_3)
FNDA:0,(anonymous_4)
FNDA:0,(anonymous_5)
FNDA:0,(anonymous_6)
FNDA:0,(anonymous_7)
DA:6,0
DA:7,0
DA:8,0
DA:10,0
DA:11,0
DA:12,0
DA:14,0
DA:15,0
DA:16,0
DA:17,0
DA:18,0
DA:19,0
DA:21,0
DA:24,0
DA:25,0
DA:26,0
DA:27,0
DA:29,0
DA:30,0
DA:32,0
DA:33,0
DA:34,0
DA:35,0
DA:36,0
DA:37,0
DA:39,0
DA:41,0
DA:49,0
DA:53,0
DA:54,0
DA:55,0
DA:61,0
DA:67,0
DA:76,0
DA:78,0
DA:106,0
DA:120,0
DA:121,0
LF:38
LH:0
BRDA:15,0,0,0
BRDA:15,0,1,0
BRDA:16,1,0,0
BRDA:16,1,1,0
BRDA:33,2,0,0
BRDA:33,2,1,0
BRDA:34,3,0,0
BRDA:34,3,1,0
BRDA:34,4,0,0
BRDA:34,4,1,0
BRDA:37,5,0,0
BRDA:37,5,1,0
BRDA:43,6,0,0
BRDA:43,6,1,0
BRDA:54,7,0,0
BRDA:54,7,1,0
BRDA:76,8,0,0
BRDA:76,8,1,0
BRDA:84,9,0,0
BRDA:84,9,1,0
BRDA:98,10,0,0
BRDA:98,10,1,0
BRDA:101,11,0,0
BRDA:101,11,1,0
BRDA:102,12,0,0
BRDA:102,12,1,0
BRDA:110,13,0,0
BRDA:110,13,1,0
BRDA:120,14,0,0
BRDA:120,14,1,0
BRDA:143,15,0,0
BRDA:143,15,1,0
BRF:32
BRH:0
end_of_record
TN:
SF:src\components\OAuth2Callback.jsx
FN:4,OAuth2Callback
FN:7,(anonymous_1)
FNF:2
FNH:0
FNDA:0,OAuth2Callback
FNDA:0,(anonymous_1)
DA:5,0
DA:7,0
DA:8,0
DA:9,0
DA:10,0
DA:11,0
DA:12,0
DA:13,0
DA:15,0
DA:16,0
DA:17,0
DA:18,0
DA:21,0
DA:22,0
DA:23,0
DA:27,0
DA:28,0
DA:29,0
DA:30,0
DA:33,0
DA:34,0
DA:35,0
DA:36,0
DA:38,0
DA:42,0
LF:25
LH:0
BRDA:12,0,0,0
BRDA:12,0,1,0
BRDA:15,1,0,0
BRDA:15,1,1,0
BRDA:21,2,0,0
BRDA:21,2,1,0
BRDA:33,3,0,0
BRDA:33,3,1,0
BRDA:35,4,0,0
BRDA:35,4,1,0
BRF:10
BRH:0
end_of_record
TN:
SF:src\components\PatientDashboard.jsx
FN:9,(anonymous_0)
FN:21,(anonymous_1)
FN:26,(anonymous_2)
FN:42,(anonymous_3)
FN:52,(anonymous_4)
FN:63,(anonymous_5)
FN:66,(anonymous_6)
FN:67,(anonymous_7)
FN:71,(anonymous_8)
FN:90,(anonymous_9)
FN:116,(anonymous_10)
FN:138,(anonymous_11)
FN:152,(anonymous_12)
FN:153,(anonymous_13)
FN:156,(anonymous_14)
FN:161,(anonymous_15)
FN:164,(anonymous_16)
FN:166,(anonymous_17)
FN:187,(anonymous_18)
FN:203,(anonymous_19)
FN:269,(anonymous_20)
FNF:21
FNH:13
FNDA:18,(anonymous_0)
FNDA:9,(anonymous_1)
FNDA:7,(anonymous_2)
FNDA:2,(anonymous_3)
FNDA:0,(anonymous_4)
FNDA:15,(anonymous_5)
FNDA:8,(anonymous_6)
FNDA:8,(anonymous_7)
FNDA:16,(anonymous_8)
FNDA:0,(anonymous_9)
FNDA:8,(anonymous_10)
FNDA:0,(anonymous_11)
FNDA:1,(anonymous_12)
FNDA:0,(anonymous_13)
FNDA:0,(anonymous_14)
FNDA:0,(anonymous_15)
FNDA:16,(anonymous_16)
FNDA:0,(anonymous_17)
FNDA:15,(anonymous_18)
FNDA:0,(anonymous_19)
FNDA:1,(anonymous_20)
DA:9,1
DA:10,18
DA:11,18
DA:13,18
DA:14,18
DA:15,18
DA:16,18
DA:17,18
DA:18,18
DA:19,18
DA:21,18
DA:22,9
DA:23,7
DA:26,18
DA:27,7
DA:28,7
DA:32,6
DA:33,6
DA:34,6
DA:36,0
DA:38,6
DA:42,18
DA:43,2
DA:44,1
DA:45,1
DA:46,1
DA:48,0
DA:52,18
DA:53,0
DA:54,0
DA:55,0
DA:56,0
DA:57,0
DA:59,0
DA:63,18
DA:64,15
DA:66,18
DA:67,8
DA:68,8
DA:71,18
DA:73,18
DA:79,9
DA:90,0
DA:117,8
DA:138,0
DA:152,1
DA:153,0
DA:156,0
DA:161,0
DA:165,16
DA:166,0
DA:188,15
DA:205,0
DA:206,0
DA:269,1
LF:55
LH:39
BRDA:22,0,0,2
BRDA:22,0,1,7
BRDA:22,1,0,9
BRDA:22,1,1,8
BRDA:43,2,0,1
BRDA:43,2,1,1
BRDA:54,3,0,0
BRDA:54,3,1,0
BRDA:64,4,0,15
BRDA:64,4,1,0
BRDA:68,5,0,8
BRDA:68,5,1,0
BRDA:73,6,0,9
BRDA:73,6,1,9
BRDA:82,7,0,9
BRDA:82,7,1,0
BRDA:86,8,0,18
BRDA:86,8,1,0
BRDA:88,9,0,0
BRDA:88,9,1,0
BRDA:112,10,0,18
BRDA:112,10,1,8
BRDA:153,11,0,0
BRDA:153,11,1,0
BRDA:161,12,0,9
BRDA:161,12,1,0
BRDA:165,13,0,0
BRDA:165,13,1,16
BRDA:176,14,0,8
BRDA:176,14,1,1
BRDA:179,15,0,1
BRDA:179,15,1,8
BRDA:193,16,0,0
BRDA:193,16,1,15
BRDA:212,17,0,0
BRDA:212,17,1,15
BRDA:223,18,0,15
BRDA:223,18,1,0
BRDA:235,19,0,15
BRDA:235,19,1,0
BRDA:256,20,0,15
BRDA:256,20,1,15
BRDA:263,21,0,15
BRDA:263,21,1,15
BRDA:269,22,0,1
BRDA:269,22,1,1
BRDA:271,23,0,1
BRDA:271,23,1,14
BRDA:273,24,0,1
BRDA:273,24,1,14
BRF:50
BRH:34
end_of_record
TN:
SF:src\components\PaymentPage.jsx
FN:10,(anonymous_0)
FN:11,(anonymous_1)
FN:19,(anonymous_2)
FN:20,(anonymous_3)
FN:24,(anonymous_4)
FN:41,(anonymous_5)
FN:46,(anonymous_6)
FN:70,(anonymous_7)
FN:118,(anonymous_8)
FN:133,(anonymous_9)
FN:145,(anonymous_10)
FN:155,(anonymous_11)
FN:193,(anonymous_12)
FN:207,(anonymous_13)
FN:229,(anonymous_14)
FN:265,(anonymous_15)
FN:270,(anonymous_16)
FN:284,(anonymous_17)
FNF:18
FNH:0
FNDA:0,(anonymous_0)
FNDA:0,(anonymous_1)
FNDA:0,(anonymous_2)
FNDA:0,(anonymous_3)
FNDA:0,(anonymous_4)
FNDA:0,(anonymous_5)
FNDA:0,(anonymous_6)
FNDA:0,(anonymous_7)
FNDA:0,(anonymous_8)
FNDA:0,(anonymous_9)
FNDA:0,(anonymous_10)
FNDA:0,(anonymous_11)
FNDA:0,(anonymous_12)
FNDA:0,(anonymous_13)
FNDA:0,(anonymous_14)
FNDA:0,(anonymous_15)
FNDA:0,(anonymous_16)
FNDA:0,(anonymous_17)
DA:10,0
DA:11,0
DA:12,0
DA:13,0
DA:14,0
DA:16,0
DA:17,0
DA:18,0
DA:19,0
DA:20,0
DA:21,0
DA:24,0
DA:25,0
DA:26,0
DA:27,0
DA:29,0
DA:30,0
DA:31,0
DA:32,0
DA:33,0
DA:35,0
DA:41,0
DA:42,0
DA:43,0
DA:46,0
DA:47,0
DA:48,0
DA:49,0
DA:50,0
DA:51,0
DA:52,0
DA:57,0
DA:59,0
DA:70,0
DA:71,0
DA:73,0
DA:74,0
DA:75,0
DA:76,0
DA:79,0
DA:80,0
DA:82,0
DA:84,0
DA:85,0
DA:86,0
DA:87,0
DA:88,0
DA:92,0
DA:100,0
DA:119,0
DA:121,0
DA:132,0
DA:133,0
DA:135,0
DA:139,0
DA:146,0
DA:147,0
DA:152,0
DA:155,0
DA:156,0
DA:160,0
DA:163,0
DA:166,0
DA:170,0
DA:174,0
DA:181,0
DA:189,0
DA:191,0
DA:193,0
DA:207,0
DA:230,0
DA:231,0
DA:265,0
DA:270,0
DA:284,0
LF:75
LH:0
BRDA:12,0,0,0
BRDA:12,0,1,0
BRDA:42,1,0,0
BRDA:42,1,1,0
BRDA:42,2,0,0
BRDA:42,2,1,0
BRDA:74,3,0,0
BRDA:74,3,1,0
BRDA:74,4,0,0
BRDA:74,4,1,0
BRDA:85,5,0,0
BRDA:85,5,1,0
BRDA:103,6,0,0
BRDA:103,6,1,0
BRDA:110,7,0,0
BRDA:110,7,1,0
BRDA:111,8,0,0
BRDA:111,8,1,0
BRDA:112,9,0,0
BRDA:112,9,1,0
BRDA:137,10,0,0
BRDA:137,10,1,0
BRDA:158,11,0,0
BRDA:158,11,1,0
BRDA:168,12,0,0
BRDA:168,12,1,0
BRDA:189,13,0,0
BRDA:189,13,1,0
BRDA:199,14,0,0
BRDA:199,14,1,0
BRDA:202,15,0,0
BRDA:202,15,1,0
BRDA:203,16,0,0
BRDA:203,16,1,0
BRDA:212,17,0,0
BRDA:212,17,1,0
BRDA:225,18,0,0
BRDA:225,18,1,0
BRDA:230,19,0,0
BRDA:230,19,1,0
BRDA:245,20,0,0
BRDA:245,20,1,0
BRDA:246,21,0,0
BRDA:246,21,1,0
BRDA:286,22,0,0
BRDA:286,22,1,0
BRDA:287,23,0,0
BRDA:287,23,1,0
BRF:48
BRH:0
end_of_record
TN:
SF:src\components\ProtectedRoute.jsx
FN:15,(anonymous_0)
FNF:1
FNH:1
FNDA:7,(anonymous_0)
DA:15,1
DA:16,7
DA:17,7
DA:19,7
DA:21,2
DA:22,2
DA:25,5
DA:26,1
DA:29,4
LF:9
LH:9
BRDA:19,0,0,2
BRDA:19,0,1,5
BRDA:25,1,0,1
BRDA:25,1,1,4
BRDA:25,2,0,5
BRDA:25,2,1,4
BRF:6
BRH:6
end_of_record
TN:
SF:src\components\ProviderAppointments.jsx
FN:376,(anonymous_0)
FN:390,(anonymous_1)
FN:395,(anonymous_2)
FN:397,(anonymous_3)
FN:398,(anonymous_4)
FN:402,(anonymous_5)
FN:427,(anonymous_6)
FN:437,(anonymous_7)
FN:442,(anonymous_8)
FN:453,(anonymous_9)
FN:471,(anonymous_10)
FN:476,(anonymous_11)
FN:480,(anonymous_12)
FN:481,(anonymous_13)
FN:482,(anonymous_14)
FN:483,(anonymous_15)
FN:521,(anonymous_16)
FN:544,(anonymous_17)
FN:553,(anonymous_18)
FN:565,(anonymous_19)
FN:577,(anonymous_20)
FN:587,(anonymous_21)
FN:587,(anonymous_22)
FN:597,(anonymous_23)
FN:600,(anonymous_24)
FN:604,(anonymous_25)
FN:624,(anonymous_26)
FN:666,(anonymous_27)
FN:669,(anonymous_28)
FNF:29
FNH:17
FNDA:27,(anonymous_0)
FNDA:14,(anonymous_1)
FNDA:15,(anonymous_2)
FNDA:0,(anonymous_3)
FNDA:1,(anonymous_4)
FNDA:12,(anonymous_5)
FNDA:0,(anonymous_6)
FNDA:0,(anonymous_7)
FNDA:0,(anonymous_8)
FNDA:0,(anonymous_9)
FNDA:16,(anonymous_10)
FNDA:2,(anonymous_11)
FNDA:16,(anonymous_12)
FNDA:16,(anonymous_13)
FNDA:16,(anonymous_14)
FNDA:16,(anonymous_15)
FNDA:0,(anonymous_16)
FNDA:1,(anonymous_17)
FNDA:0,(anonymous_18)
FNDA:50,(anonymous_19)
FNDA:0,(anonymous_20)
FNDA:0,(anonymous_21)
FNDA:0,(anonymous_22)
FNDA:50,(anonymous_23)
FNDA:64,(anonymous_24)
FNDA:1,(anonymous_25)
FNDA:15,(anonymous_26)
FNDA:0,(anonymous_27)
FNDA:0,(anonymous_28)
DA:7,1
DA:369,1
DA:376,1
DA:377,27
DA:378,27
DA:380,27
DA:381,27
DA:382,27
DA:383,27
DA:384,27
DA:385,27
DA:386,27
DA:388,27
DA:390,27
DA:391,14
DA:392,12
DA:395,27
DA:396,15
DA:397,1
DA:398,1
DA:402,27
DA:403,12
DA:404,12
DA:405,11
DA:407,11
DA:408,2
DA:409,2
DA:412,9
DA:413,8
DA:414,8
DA:415,8
DA:417,2
DA:418,1
DA:420,1
DA:423,12
DA:427,27
DA:428,0
DA:429,0
DA:430,0
DA:431,0
DA:433,0
DA:437,27
DA:438,0
DA:439,0
DA:442,27
DA:443,0
DA:444,0
DA:445,0
DA:446,0
DA:447,0
DA:449,0
DA:453,27
DA:454,0
DA:455,0
DA:456,0
DA:457,0
DA:458,0
DA:460,0
DA:464,27
DA:467,27
DA:470,27
DA:471,16
DA:474,27
DA:476,2
DA:479,27
DA:480,27
DA:481,27
DA:482,27
DA:483,27
DA:485,27
DA:492,13
DA:493,3
DA:494,3
DA:495,3
DA:521,0
DA:533,10
DA:544,1
DA:553,0
DA:566,50
DA:577,0
DA:587,0
DA:598,50
DA:600,64
DA:601,50
DA:602,50
DA:603,50
DA:604,1
DA:625,15
DA:626,15
DA:666,0
DA:669,0
LF:91
LH:66
BRDA:391,0,0,2
BRDA:391,0,1,12
BRDA:391,1,0,14
BRDA:391,1,1,13
BRDA:396,2,0,1
BRDA:396,2,1,14
BRDA:407,3,0,2
BRDA:407,3,1,9
BRDA:417,4,0,1
BRDA:417,4,1,1
BRDA:417,5,0,2
BRDA:417,5,1,1
BRDA:428,6,0,0
BRDA:428,6,1,0
BRDA:428,7,0,0
BRDA:428,7,1,0
BRDA:443,8,0,0
BRDA:443,8,1,0
BRDA:449,9,0,0
BRDA:449,9,1,0
BRDA:454,10,0,0
BRDA:454,10,1,0
BRDA:460,11,0,0
BRDA:460,11,1,0
BRDA:470,12,0,27
BRDA:470,12,1,0
BRDA:474,13,0,26
BRDA:474,13,1,1
BRDA:485,14,0,14
BRDA:485,14,1,13
BRDA:492,15,0,3
BRDA:492,15,1,10
BRDA:492,16,0,13
BRDA:492,16,1,12
BRDA:507,17,0,1
BRDA:507,17,1,2
BRDA:507,18,0,1
BRDA:507,18,1,1
BRDA:510,19,0,1
BRDA:510,19,1,2
BRDA:511,20,0,1
BRDA:511,20,1,1
BRDA:515,21,0,1
BRDA:515,21,1,2
BRDA:517,22,0,1
BRDA:517,22,1,1
BRDA:525,23,0,1
BRDA:525,23,1,2
BRDA:550,24,0,27
BRDA:550,24,1,1
BRDA:552,25,0,0
BRDA:552,25,1,1
BRDA:579,26,0,27
BRDA:579,26,1,0
BRDA:582,27,0,27
BRDA:582,27,1,0
BRDA:589,28,0,10
BRDA:589,28,1,0
BRDA:598,29,0,10
BRDA:598,29,1,40
BRDA:602,30,0,10
BRDA:602,30,1,40
BRDA:602,31,0,9
BRDA:602,31,1,1
BRDA:605,32,0,10
BRDA:605,32,1,40
BRDA:612,33,0,2
BRDA:612,33,1,8
BRDA:617,34,0,2
BRDA:617,34,1,0
BRDA:625,35,0,15
BRDA:625,35,1,0
BRDA:656,36,0,15
BRDA:656,36,1,0
BRDA:664,37,0,15
BRDA:664,37,1,8
BRF:76
BRH:56
end_of_record
TN:
SF:src\components\ProviderRecords.jsx
FN:8,(anonymous_0)
FN:27,(anonymous_1)
FN:32,(anonymous_2)
FN:44,(anonymous_3)
FN:48,(anonymous_4)
FN:69,(anonymous_5)
FN:75,(anonymous_6)
FN:88,(anonymous_7)
FN:122,(anonymous_8)
FN:136,(anonymous_9)
FN:174,(anonymous_10)
FN:194,(anonymous_11)
FN:208,(anonymous_12)
FN:224,(anonymous_13)
FN:247,(anonymous_14)
FN:251,(anonymous_15)
FN:282,(anonymous_16)
FN:290,(anonymous_17)
FN:297,(anonymous_18)
FN:304,(anonymous_19)
FN:312,(anonymous_20)
FN:320,(anonymous_21)
FN:329,(anonymous_22)
FNF:23
FNH:0
FNDA:0,(anonymous_0)
FNDA:0,(anonymous_1)
FNDA:0,(anonymous_2)
FNDA:0,(anonymous_3)
FNDA:0,(anonymous_4)
FNDA:0,(anonymous_5)
FNDA:0,(anonymous_6)
FNDA:0,(anonymous_7)
FNDA:0,(anonymous_8)
FNDA:0,(anonymous_9)
FNDA:0,(anonymous_10)
FNDA:0,(anonymous_11)
FNDA:0,(anonymous_12)
FNDA:0,(anonymous_13)
FNDA:0,(anonymous_14)
FNDA:0,(anonymous_15)
FNDA:0,(anonymous_16)
FNDA:0,(anonymous_17)
FNDA:0,(anonymous_18)
FNDA:0,(anonymous_19)
FNDA:0,(anonymous_20)
FNDA:0,(anonymous_21)
FNDA:0,(anonymous_22)
DA:8,0
DA:9,0
DA:10,0
DA:12,0
DA:13,0
DA:14,0
DA:15,0
DA:16,0
DA:19,0
DA:20,0
DA:21,0
DA:22,0
DA:27,0
DA:28,0
DA:29,0
DA:32,0
DA:33,0
DA:34,0
DA:35,0
DA:38,0
DA:39,0
DA:40,0
DA:43,0
DA:44,0
DA:45,0
DA:47,0
DA:48,0
DA:49,0
DA:50,0
DA:51,0
DA:56,0
DA:59,0
DA:60,0
DA:62,0
DA:65,0
DA:69,0
DA:70,0
DA:71,0
DA:72,0
DA:75,0
DA:76,0
DA:77,0
DA:78,0
DA:88,0
DA:89,0
DA:90,0
DA:91,0
DA:92,0
DA:94,0
DA:95,0
DA:96,0
DA:104,0
DA:105,0
DA:106,0
DA:108,0
DA:109,0
DA:112,0
DA:113,0
DA:114,0
DA:116,0
DA:118,0
DA:122,0
DA:123,0
DA:124,0
DA:129,0
DA:136,0
DA:147,0
DA:150,0
DA:151,0
DA:152,0
DA:153,0
DA:174,0
DA:185,0
DA:194,0
DA:208,0
DA:225,0
DA:226,0
DA:247,0
DA:251,0
DA:282,0
DA:290,0
DA:297,0
DA:304,0
DA:312,0
DA:320,0
DA:329,0
LF:86
LH:0
BRDA:28,0,0,0
BRDA:28,0,1,0
BRDA:28,1,0,0
BRDA:28,1,1,0
BRDA:38,2,0,0
BRDA:38,2,1,0
BRDA:59,3,0,0
BRDA:59,3,1,0
BRDA:59,4,0,0
BRDA:59,4,1,0
BRDA:79,5,0,0
BRDA:79,5,1,0
BRDA:80,6,0,0
BRDA:80,6,1,0
BRDA:81,7,0,0
BRDA:81,7,1,0
BRDA:82,8,0,0
BRDA:82,8,1,0
BRDA:83,9,0,0
BRDA:83,9,1,0
BRDA:84,10,0,0
BRDA:84,10,1,0
BRDA:90,11,0,0
BRDA:90,11,1,0
BRDA:90,12,0,0
BRDA:90,12,1,0
BRDA:104,13,0,0
BRDA:104,13,1,0
BRDA:116,14,0,0
BRDA:116,14,1,0
BRDA:123,15,0,0
BRDA:123,15,1,0
BRDA:147,16,0,0
BRDA:147,16,1,0
BRDA:150,17,0,0
BRDA:150,17,1,0
BRDA:150,18,0,0
BRDA:150,18,1,0
BRDA:160,19,0,0
BRDA:160,19,1,0
BRDA:160,20,0,0
BRDA:160,20,1,0
BRDA:163,21,0,0
BRDA:163,21,1,0
BRDA:164,22,0,0
BRDA:164,22,1,0
BRDA:168,23,0,0
BRDA:168,23,1,0
BRDA:170,24,0,0
BRDA:170,24,1,0
BRDA:178,25,0,0
BRDA:178,25,1,0
BRDA:191,26,0,0
BRDA:191,26,1,0
BRDA:200,27,0,0
BRDA:200,27,1,0
BRDA:203,28,0,0
BRDA:203,28,1,0
BRDA:204,29,0,0
BRDA:204,29,1,0
BRDA:212,30,0,0
BRDA:212,30,1,0
BRDA:239,31,0,0
BRDA:239,31,1,0
BRDA:246,32,0,0
BRDA:246,32,1,0
BRDA:264,33,0,0
BRDA:264,33,1,0
BRDA:268,34,0,0
BRDA:268,34,1,0
BRDA:327,35,0,0
BRDA:327,35,1,0
BRDA:327,36,0,0
BRDA:327,36,1,0
BRF:74
BRH:0
end_of_record
TN:
SF:src\components\ProviderSetup.jsx
FN:11,(anonymous_0)
FN:19,(anonymous_1)
FN:24,(anonymous_2)
FN:66,(anonymous_3)
FN:89,(anonymous_4)
FN:101,(anonymous_5)
FN:116,(anonymous_6)
FN:130,(anonymous_7)
FN:145,(anonymous_8)
FN:227,(anonymous_9)
FN:325,(anonymous_10)
FN:331,(anonymous_11)
FN:338,(anonymous_12)
FN:343,(anonymous_13)
FN:350,(anonymous_14)
FN:357,(anonymous_15)
FNF:16
FNH:0
FNDA:0,(anonymous_0)
FNDA:0,(anonymous_1)
FNDA:0,(anonymous_2)
FNDA:0,(anonymous_3)
FNDA:0,(anonymous_4)
FNDA:0,(anonymous_5)
FNDA:0,(anonymous_6)
FNDA:0,(anonymous_7)
FNDA:0,(anonymous_8)
FNDA:0,(anonymous_9)
FNDA:0,(anonymous_10)
FNDA:0,(anonymous_11)
FNDA:0,(anonymous_12)
FNDA:0,(anonymous_13)
FNDA:0,(anonymous_14)
FNDA:0,(anonymous_15)
DA:7,0
DA:8,0
DA:9,0
DA:11,0
DA:12,0
DA:13,0
DA:16,0
DA:17,0
DA:19,0
DA:20,0
DA:21,0
DA:24,0
DA:25,0
DA:26,0
DA:27,0
DA:30,0
DA:31,0
DA:32,0
DA:33,0
DA:34,0
DA:35,0
DA:36,0
DA:37,0
DA:39,0
DA:42,0
DA:46,0
DA:59,0
DA:60,0
DA:61,0
DA:62,0
DA:63,0
DA:66,0
DA:67,0
DA:68,0
DA:70,0
DA:71,0
DA:72,0
DA:74,0
DA:75,0
DA:77,0
DA:78,0
DA:79,0
DA:80,0
DA:81,0
DA:82,0
DA:83,0
DA:87,0
DA:88,0
DA:89,0
DA:91,0
DA:94,0
DA:96,0
DA:101,0
DA:102,0
DA:103,0
DA:105,0
DA:106,0
DA:107,0
DA:109,0
DA:110,0
DA:112,0
DA:115,0
DA:116,0
DA:117,0
DA:119,0
DA:120,0
DA:121,0
DA:122,0
DA:123,0
DA:124,0
DA:128,0
DA:129,0
DA:130,0
DA:132,0
DA:133,0
DA:136,0
DA:137,0
DA:139,0
DA:145,0
DA:146,0
DA:147,0
DA:148,0
DA:150,0
DA:151,0
DA:152,0
DA:156,0
DA:158,0
DA:166,0
DA:167,0
DA:177,0
DA:178,0
DA:204,0
DA:205,0
DA:227,0
DA:241,0
DA:325,0
DA:331,0
DA:338,0
DA:343,0
DA:350,0
DA:357,0
DA:405,0
LF:102
LH:0
BRDA:9,0,0,0
BRDA:9,0,1,0
BRDA:20,1,0,0
BRDA:20,1,1,0
BRDA:20,2,0,0
BRDA:20,2,1,0
BRDA:31,3,0,0
BRDA:31,3,1,0
BRDA:33,4,0,0
BRDA:33,4,1,0
BRDA:35,5,0,0
BRDA:35,5,1,0
BRDA:36,6,0,0
BRDA:36,6,1,0
BRDA:48,7,0,0
BRDA:48,7,1,0
BRDA:68,8,0,0
BRDA:68,8,1,0
BRDA:71,9,0,0
BRDA:71,9,1,0
BRDA:74,10,0,0
BRDA:74,10,1,0
BRDA:88,11,0,0
BRDA:88,11,1,0
BRDA:91,12,0,0
BRDA:91,12,1,0
BRDA:103,13,0,0
BRDA:103,13,1,0
BRDA:106,14,0,0
BRDA:106,14,1,0
BRDA:109,15,0,0
BRDA:109,15,1,0
BRDA:129,16,0,0
BRDA:129,16,1,0
BRDA:132,17,0,0
BRDA:132,17,1,0
BRDA:147,18,0,0
BRDA:147,18,1,0
BRDA:158,19,0,0
BRDA:158,19,1,0
BRDA:166,20,0,0
BRDA:166,20,1,0
BRDA:177,21,0,0
BRDA:177,21,1,0
BRDA:177,22,0,0
BRDA:177,22,1,0
BRDA:183,23,0,0
BRDA:183,23,1,0
BRDA:204,24,0,0
BRDA:204,24,1,0
BRDA:213,25,0,0
BRDA:213,25,1,0
BRDA:252,26,0,0
BRDA:252,26,1,0
BRDA:275,27,0,0
BRDA:275,27,1,0
BRDA:282,28,0,0
BRDA:282,28,1,0
BRDA:302,29,0,0
BRDA:302,29,1,0
BRDA:307,30,0,0
BRDA:307,30,1,0
BRDA:307,30,2,0
BRDA:376,31,0,0
BRDA:376,31,1,0
BRDA:381,32,0,0
BRDA:381,32,1,0
BRDA:381,32,2,0
BRDA:390,33,0,0
BRDA:390,33,1,0
BRDA:392,34,0,0
BRDA:392,34,1,0
BRDA:392,35,0,0
BRDA:392,35,1,0
BRDA:394,36,0,0
BRDA:394,36,1,0
BRDA:394,37,0,0
BRDA:394,37,1,0
BRDA:397,38,0,0
BRDA:397,38,1,0
BRDA:397,39,0,0
BRDA:397,39,1,0
BRF:82
BRH:0
end_of_record
TN:
SF:src\components\Register.jsx
FN:13,(anonymous_0)
FN:22,Register
FN:31,(anonymous_2)
FN:34,(anonymous_3)
FN:50,(anonymous_4)
FN:63,(anonymous_5)
FN:81,(anonymous_6)
FN:100,(anonymous_7)
FN:130,(anonymous_8)
FN:199,(anonymous_9)
FNF:10
FNH:9
FNDA:62,(anonymous_0)
FNDA:62,Register
FNDA:17,(anonymous_2)
FNDA:8,(anonymous_3)
FNDA:5,(anonymous_4)
FNDA:4,(anonymous_5)
FNDA:0,(anonymous_6)
FNDA:124,(anonymous_7)
FNDA:248,(anonymous_8)
FNDA:5,(anonymous_9)
DA:11,1
DA:13,1
DA:14,62
DA:23,62
DA:24,62
DA:25,62
DA:26,62
DA:27,62
DA:28,62
DA:29,62
DA:31,62
DA:34,62
DA:35,8
DA:36,1
DA:37,1
DA:39,7
DA:40,7
DA:41,7
DA:42,6
DA:43,6
DA:45,1
DA:46,7
DA:50,62
DA:51,5
DA:52,4
DA:53,4
DA:54,4
DA:55,4
DA:56,4
DA:58,0
DA:59,4
DA:63,62
DA:64,4
DA:65,4
DA:66,3
DA:67,3
DA:68,3
DA:69,2
DA:70,2
DA:71,2
DA:72,2
DA:73,2
DA:74,4
DA:75,4
DA:77,1
DA:78,3
DA:81,62
DA:82,0
DA:86,62
DA:101,124
DA:131,248
DA:199,5
LF:52
LH:50
BRDA:11,0,0,1
BRDA:11,0,1,1
BRDA:35,1,0,1
BRDA:35,1,1,7
BRDA:35,2,0,8
BRDA:35,2,1,7
BRDA:45,3,0,1
BRDA:45,3,1,0
BRDA:51,4,0,1
BRDA:51,4,1,4
BRDA:51,5,0,5
BRDA:51,5,1,5
BRDA:58,6,0,0
BRDA:58,6,1,0
BRDA:65,7,0,1
BRDA:65,7,1,3
BRDA:73,8,0,2
BRDA:73,8,1,0
BRDA:73,8,2,0
BRDA:75,9,0,1
BRDA:75,9,1,1
BRDA:77,10,0,1
BRDA:77,10,1,0
BRDA:178,11,0,62
BRDA:178,11,1,51
BRDA:181,12,0,17
BRDA:181,12,1,45
BRDA:183,13,0,17
BRDA:183,13,1,45
BRDA:185,14,0,17
BRDA:185,14,1,45
BRDA:185,15,0,11
BRDA:185,15,1,34
BRDA:185,16,0,11
BRDA:185,16,1,23
BRDA:191,17,0,62
BRDA:191,17,1,32
BRDA:191,17,2,15
BRDA:204,18,0,4
BRDA:204,18,1,11
BRDA:236,19,0,62
BRDA:236,19,1,59
BRDA:237,20,0,30
BRDA:237,20,1,32
BRDA:238,21,0,3
BRDA:238,21,1,59
BRF:46
BRH:40
end_of_record
TN:
SF:src\components\ReviewPage.jsx
FN:7,(anonymous_0)
FN:21,(anonymous_1)
FN:26,(anonymous_2)
FN:44,(anonymous_3)
FN:58,(anonymous_4)
FN:77,(anonymous_5)
FN:91,(anonymous_6)
FN:116,(anonymous_7)
FN:136,(anonymous_8)
FN:139,(anonymous_9)
FN:140,(anonymous_10)
FN:141,(anonymous_11)
FN:157,(anonymous_12)
FNF:13
FNH:0
FNDA:0,(anonymous_0)
FNDA:0,(anonymous_1)
FNDA:0,(anonymous_2)
FNDA:0,(anonymous_3)
FNDA:0,(anonymous_4)
FNDA:0,(anonymous_5)
FNDA:0,(anonymous_6)
FNDA:0,(anonymous_7)
FNDA:0,(anonymous_8)
FNDA:0,(anonymous_9)
FNDA:0,(anonymous_10)
FNDA:0,(anonymous_11)
FNDA:0,(anonymous_12)
DA:7,0
DA:8,0
DA:9,0
DA:10,0
DA:12,0
DA:13,0
DA:14,0
DA:15,0
DA:16,0
DA:17,0
DA:19,0
DA:21,0
DA:22,0
DA:23,0
DA:26,0
DA:27,0
DA:28,0
DA:29,0
DA:30,0
DA:31,0
DA:32,0
DA:33,0
DA:38,0
DA:40,0
DA:44,0
DA:45,0
DA:46,0
DA:47,0
DA:48,0
DA:49,0
DA:50,0
DA:57,0
DA:58,0
DA:60,0
DA:61,0
DA:65,0
DA:73,0
DA:75,0
DA:77,0
DA:91,0
DA:117,0
DA:137,0
DA:139,0
DA:140,0
DA:141,0
DA:157,0
LF:46
LH:0
BRDA:22,0,0,0
BRDA:22,0,1,0
BRDA:22,1,0,0
BRDA:22,1,1,0
BRDA:46,2,0,0
BRDA:46,2,1,0
BRDA:47,3,0,0
BRDA:47,3,1,0
BRDA:60,4,0,0
BRDA:60,4,1,0
BRDA:73,5,0,0
BRDA:73,5,1,0
BRDA:83,6,0,0
BRDA:83,6,1,0
BRDA:86,7,0,0
BRDA:86,7,1,0
BRDA:87,8,0,0
BRDA:87,8,1,0
BRDA:96,9,0,0
BRDA:96,9,1,0
BRDA:99,10,0,0
BRDA:99,10,1,0
BRDA:112,11,0,0
BRDA:112,11,1,0
BRDA:117,12,0,0
BRDA:117,12,1,0
BRDA:138,13,0,0
BRDA:138,13,1,0
BRDA:138,14,0,0
BRDA:138,14,1,0
BRDA:145,15,0,0
BRDA:145,15,1,0
BRDA:159,16,0,0
BRDA:159,16,1,0
BRDA:160,17,0,0
BRDA:160,17,1,0
BRF:36
BRH:0
end_of_record
TN:
SF:src\components\ScheduleManagement.jsx
FN:383,(anonymous_0)
FN:407,(anonymous_1)
FN:412,(anonymous_2)
FN:413,(anonymous_3)
FN:435,(anonymous_4)
FN:451,(anonymous_5)
FN:455,(anonymous_6)
FN:469,(anonymous_7)
FN:486,(anonymous_8)
FN:497,(anonymous_9)
FN:501,(anonymous_10)
FN:508,(anonymous_11)
FN:519,(anonymous_12)
FN:531,(anonymous_13)
FN:549,(anonymous_14)
FN:550,(anonymous_15)
FN:550,(anonymous_16)
FN:551,(anonymous_17)
FN:589,(anonymous_18)
FN:605,(anonymous_19)
FN:611,(anonymous_20)
FN:612,(anonymous_21)
FN:613,(anonymous_22)
FN:614,(anonymous_23)
FN:631,(anonymous_24)
FN:685,(anonymous_25)
FN:699,(anonymous_26)
FN:703,(anonymous_27)
FN:723,(anonymous_28)
FN:728,(anonymous_29)
FN:733,(anonymous_30)
FN:738,(anonymous_31)
FN:743,(anonymous_32)
FN:748,(anonymous_33)
FN:765,(anonymous_34)
FN:766,(anonymous_35)
FN:778,(anonymous_36)
FN:783,(anonymous_37)
FN:788,(anonymous_38)
FN:793,(anonymous_39)
FN:804,(anonymous_40)
FN:809,(anonymous_41)
FN:815,(anonymous_42)
FN:819,(anonymous_43)
FN:823,(anonymous_44)
FN:827,(anonymous_45)
FN:845,(anonymous_46)
FN:850,(anonymous_47)
FN:855,(anonymous_48)
FN:860,(anonymous_49)
FN:865,(anonymous_50)
FN:906,(anonymous_51)
FN:942,(anonymous_52)
FN:946,(anonymous_53)
FN:949,(anonymous_54)
FNF:55
FNH:0
FNDA:0,(anonymous_0)
FNDA:0,(anonymous_1)
FNDA:0,(anonymous_2)
FNDA:0,(anonymous_3)
FNDA:0,(anonymous_4)
FNDA:0,(anonymous_5)
FNDA:0,(anonymous_6)
FNDA:0,(anonymous_7)
FNDA:0,(anonymous_8)
FNDA:0,(anonymous_9)
FNDA:0,(anonymous_10)
FNDA:0,(anonymous_11)
FNDA:0,(anonymous_12)
FNDA:0,(anonymous_13)
FNDA:0,(anonymous_14)
FNDA:0,(anonymous_15)
FNDA:0,(anonymous_16)
FNDA:0,(anonymous_17)
FNDA:0,(anonymous_18)
FNDA:0,(anonymous_19)
FNDA:0,(anonymous_20)
FNDA:0,(anonymous_21)
FNDA:0,(anonymous_22)
FNDA:0,(anonymous_23)
FNDA:0,(anonymous_24)
FNDA:0,(anonymous_25)
FNDA:0,(anonymous_26)
FNDA:0,(anonymous_27)
FNDA:0,(anonymous_28)
FNDA:0,(anonymous_29)
FNDA:0,(anonymous_30)
FNDA:0,(anonymous_31)
FNDA:0,(anonymous_32)
FNDA:0,(anonymous_33)
FNDA:0,(anonymous_34)
FNDA:0,(anonymous_35)
FNDA:0,(anonymous_36)
FNDA:0,(anonymous_37)
FNDA:0,(anonymous_38)
FNDA:0,(anonymous_39)
FNDA:0,(anonymous_40)
FNDA:0,(anonymous_41)
FNDA:0,(anonymous_42)
FNDA:0,(anonymous_43)
FNDA:0,(anonymous_44)
FNDA:0,(anonymous_45)
FNDA:0,(anonymous_46)
FNDA:0,(anonymous_47)
FNDA:0,(anonymous_48)
FNDA:0,(anonymous_49)
FNDA:0,(anonymous_50)
FNDA:0,(anonymous_51)
FNDA:0,(anonymous_52)
FNDA:0,(anonymous_53)
FNDA:0,(anonymous_54)
DA:6,0
DA:8,0
DA:383,0
DA:384,0
DA:385,0
DA:386,0
DA:390,0
DA:391,0
DA:392,0
DA:393,0
DA:394,0
DA:395,0
DA:396,0
DA:397,0
DA:399,0
DA:401,0
DA:402,0
DA:403,0
DA:407,0
DA:408,0
DA:409,0
DA:412,0
DA:413,0
DA:414,0
DA:415,0
DA:416,0
DA:417,0
DA:418,0
DA:419,0
DA:420,0
DA:422,0
DA:423,0
DA:426,0
DA:427,0
DA:429,0
DA:432,0
DA:435,0
DA:436,0
DA:437,0
DA:438,0
DA:443,0
DA:444,0
DA:445,0
DA:447,0
DA:448,0
DA:451,0
DA:452,0
DA:453,0
DA:454,0
DA:455,0
DA:461,0
DA:462,0
DA:463,0
DA:465,0
DA:466,0
DA:469,0
DA:470,0
DA:471,0
DA:472,0
DA:478,0
DA:479,0
DA:480,0
DA:482,0
DA:483,0
DA:486,0
DA:487,0
DA:488,0
DA:489,0
DA:490,0
DA:491,0
DA:493,0
DA:497,0
DA:498,0
DA:499,0
DA:500,0
DA:501,0
DA:502,0
DA:504,0
DA:508,0
DA:509,0
DA:510,0
DA:511,0
DA:512,0
DA:513,0
DA:515,0
DA:519,0
DA:520,0
DA:521,0
DA:522,0
DA:523,0
DA:524,0
DA:525,0
DA:527,0
DA:531,0
DA:532,0
DA:533,0
DA:539,0
DA:540,0
DA:541,0
DA:542,0
DA:544,0
DA:545,0
DA:546,0
DA:549,0
DA:550,0
DA:551,0
DA:552,0
DA:555,0
DA:563,0
DA:564,0
DA:565,0
DA:566,0
DA:589,0
DA:601,0
DA:602,0
DA:605,0
DA:606,0
DA:607,0
DA:608,0
DA:611,0
DA:612,0
DA:613,0
DA:614,0
DA:616,0
DA:631,0
DA:686,0
DA:699,0
DA:703,0
DA:723,0
DA:728,0
DA:733,0
DA:738,0
DA:743,0
DA:748,0
DA:766,0
DA:778,0
DA:783,0
DA:788,0
DA:793,0
DA:805,0
DA:809,0
DA:815,0
DA:819,0
DA:823,0
DA:827,0
DA:845,0
DA:850,0
DA:855,0
DA:860,0
DA:865,0
DA:907,0
DA:908,0
DA:915,0
DA:922,0
DA:942,0
DA:946,0
DA:949,0
LF:157
LH:0
BRDA:408,0,0,0
BRDA:408,0,1,0
BRDA:409,1,0,0
BRDA:409,1,1,0
BRDA:414,2,0,0
BRDA:414,2,1,0
BRDA:447,3,0,0
BRDA:447,3,1,0
BRDA:465,4,0,0
BRDA:465,4,1,0
BRDA:482,5,0,0
BRDA:482,5,1,0
BRDA:487,6,0,0
BRDA:487,6,1,0
BRDA:498,7,0,0
BRDA:498,7,1,0
BRDA:504,8,0,0
BRDA:504,8,1,0
BRDA:513,9,0,0
BRDA:513,9,1,0
BRDA:515,10,0,0
BRDA:515,10,1,0
BRDA:521,11,0,0
BRDA:521,11,1,0
BRDA:521,12,0,0
BRDA:521,12,1,0
BRDA:525,13,0,0
BRDA:525,13,1,0
BRDA:544,14,0,0
BRDA:544,14,1,0
BRDA:544,15,0,0
BRDA:544,15,1,0
BRDA:555,16,0,0
BRDA:555,16,1,0
BRDA:563,17,0,0
BRDA:563,17,1,0
BRDA:563,18,0,0
BRDA:563,18,1,0
BRDA:575,19,0,0
BRDA:575,19,1,0
BRDA:575,20,0,0
BRDA:575,20,1,0
BRDA:578,21,0,0
BRDA:578,21,1,0
BRDA:579,22,0,0
BRDA:579,22,1,0
BRDA:583,23,0,0
BRDA:583,23,1,0
BRDA:585,24,0,0
BRDA:585,24,1,0
BRDA:593,25,0,0
BRDA:593,25,1,0
BRDA:606,26,0,0
BRDA:606,26,1,0
BRDA:607,27,0,0
BRDA:607,27,1,0
BRDA:607,28,0,0
BRDA:607,28,1,0
BRDA:611,29,0,0
BRDA:611,29,1,0
BRDA:612,30,0,0
BRDA:612,30,1,0
BRDA:612,30,2,0
BRDA:613,31,0,0
BRDA:613,31,1,0
BRDA:623,32,0,0
BRDA:623,32,1,0
BRDA:628,33,0,0
BRDA:628,33,1,0
BRDA:630,34,0,0
BRDA:630,34,1,0
BRDA:635,35,0,0
BRDA:635,35,1,0
BRDA:666,36,0,0
BRDA:666,36,1,0
BRDA:700,37,0,0
BRDA:700,37,1,0
BRDA:704,38,0,0
BRDA:704,38,1,0
BRDA:714,39,0,0
BRDA:714,39,1,0
BRDA:752,40,0,0
BRDA:752,40,1,0
BRDA:760,41,0,0
BRDA:760,41,1,0
BRDA:766,42,0,0
BRDA:766,42,1,0
BRDA:767,43,0,0
BRDA:767,43,1,0
BRDA:767,44,0,0
BRDA:767,44,1,0
BRDA:772,45,0,0
BRDA:772,45,1,0
BRDA:797,46,0,0
BRDA:797,46,1,0
BRDA:802,47,0,0
BRDA:802,47,1,0
BRDA:808,48,0,0
BRDA:808,48,1,0
BRDA:834,49,0,0
BRDA:834,49,1,0
BRDA:834,50,0,0
BRDA:834,50,1,0
BRDA:839,51,0,0
BRDA:839,51,1,0
BRDA:872,52,0,0
BRDA:872,52,1,0
BRDA:890,53,0,0
BRDA:890,53,1,0
BRDA:908,54,0,0
BRDA:908,54,1,0
BRDA:910,55,0,0
BRDA:910,55,1,0
BRDA:911,56,0,0
BRDA:911,56,1,0
BRDA:912,57,0,0
BRDA:912,57,1,0
BRDA:915,58,0,0
BRDA:915,58,1,0
BRDA:917,59,0,0
BRDA:917,59,1,0
BRDA:918,60,0,0
BRDA:918,60,1,0
BRDA:919,61,0,0
BRDA:919,61,1,0
BRDA:930,62,0,0
BRDA:930,62,1,0
BRDA:937,63,0,0
BRDA:937,63,1,0
BRDA:939,64,0,0
BRDA:939,64,1,0
BRDA:947,65,0,0
BRDA:947,65,1,0
BRDA:965,66,0,0
BRDA:965,66,1,0
BRDA:965,66,2,0
BRF:136
BRH:0
end_of_record
TN:
SF:src\components\Sidebar.jsx
FN:6,(anonymous_0)
FN:16,(anonymous_1)
FN:19,(anonymous_2)
FN:22,(anonymous_3)
FN:27,(anonymous_4)
FN:34,(anonymous_5)
FN:60,(anonymous_6)
FN:121,(anonymous_7)
FN:121,(anonymous_8)
FN:131,(anonymous_9)
FN:131,(anonymous_10)
FN:158,(anonymous_11)
FN:217,(anonymous_12)
FN:242,(anonymous_13)
FN:246,(anonymous_14)
FN:290,(anonymous_15)
FNF:16
FNH:0
FNDA:0,(anonymous_0)
FNDA:0,(anonymous_1)
FNDA:0,(anonymous_2)
FNDA:0,(anonymous_3)
FNDA:0,(anonymous_4)
FNDA:0,(anonymous_5)
FNDA:0,(anonymous_6)
FNDA:0,(anonymous_7)
FNDA:0,(anonymous_8)
FNDA:0,(anonymous_9)
FNDA:0,(anonymous_10)
FNDA:0,(anonymous_11)
FNDA:0,(anonymous_12)
FNDA:0,(anonymous_13)
FNDA:0,(anonymous_14)
FNDA:0,(anonymous_15)
DA:6,0
DA:7,0
DA:8,0
DA:9,0
DA:10,0
DA:11,0
DA:14,0
DA:16,0
DA:17,0
DA:18,0
DA:20,0
DA:27,0
DA:28,0
DA:29,0
DA:30,0
DA:33,0
DA:34,0
DA:37,0
DA:44,0
DA:51,0
DA:56,0
DA:60,0
DA:62,0
DA:78,0
DA:92,0
DA:121,0
DA:131,0
DA:158,0
DA:218,0
DA:243,0
DA:244,0
DA:247,0
DA:248,0
DA:290,0
LF:34
LH:0
BRDA:17,0,0,0
BRDA:17,0,1,0
BRDA:17,1,0,0
BRDA:17,1,1,0
BRDA:20,2,0,0
BRDA:20,2,1,0
BRDA:33,3,0,0
BRDA:33,3,1,0
BRDA:56,4,0,0
BRDA:56,4,1,0
BRDA:57,5,0,0
BRDA:57,5,1,0
BRDA:58,6,0,0
BRDA:58,6,1,0
BRDA:63,7,0,0
BRDA:63,7,1,0
BRDA:64,8,0,0
BRDA:64,8,1,0
BRDA:100,9,0,0
BRDA:100,9,1,0
BRDA:101,10,0,0
BRDA:101,10,1,0
BRDA:106,11,0,0
BRDA:106,11,1,0
BRDA:122,12,0,0
BRDA:122,12,1,0
BRDA:124,13,0,0
BRDA:124,13,1,0
BRDA:132,14,0,0
BRDA:132,14,1,0
BRDA:132,15,0,0
BRDA:132,15,1,0
BRDA:136,16,0,0
BRDA:136,16,1,0
BRDA:138,17,0,0
BRDA:138,17,1,0
BRDA:146,18,0,0
BRDA:146,18,1,0
BRDA:153,19,0,0
BRDA:153,19,1,0
BRDA:165,20,0,0
BRDA:165,20,1,0
BRDA:168,21,0,0
BRDA:168,21,1,0
BRDA:171,22,0,0
BRDA:171,22,1,0
BRDA:175,23,0,0
BRDA:175,23,1,0
BRDA:181,24,0,0
BRDA:181,24,1,0
BRDA:181,24,2,0
BRDA:208,25,0,0
BRDA:208,25,1,0
BRDA:221,26,0,0
BRDA:221,26,1,0
BRDA:226,27,0,0
BRDA:226,27,1,0
BRDA:227,28,0,0
BRDA:227,28,1,0
BRDA:228,29,0,0
BRDA:228,29,1,0
BRDA:230,30,0,0
BRDA:230,30,1,0
BRDA:233,31,0,0
BRDA:233,31,1,0
BRDA:236,32,0,0
BRDA:236,32,1,0
BRDA:243,33,0,0
BRDA:243,33,1,0
BRDA:247,34,0,0
BRDA:247,34,1,0
BRDA:252,35,0,0
BRDA:252,35,1,0
BRDA:259,36,0,0
BRDA:259,36,1,0
BRDA:261,37,0,0
BRDA:261,37,1,0
BRDA:271,38,0,0
BRDA:271,38,1,0
BRDA:274,39,0,0
BRDA:274,39,1,0
BRDA:281,40,0,0
BRDA:281,40,1,0
BRDA:287,41,0,0
BRDA:287,41,1,0
BRF:85
BRH:0
end_of_record
TN:
SF:src\services\api.jsx
FN:6,(anonymous_0)
FN:18,(anonymous_1)
FN:21,(anonymous_2)
FN:25,(anonymous_3)
FN:31,(anonymous_4)
FN:36,(anonymous_5)
FN:41,(anonymous_6)
FN:46,(anonymous_7)
FN:51,(anonymous_8)
FN:57,(anonymous_9)
FN:63,(anonymous_10)
FN:67,(anonymous_11)
FN:71,(anonymous_12)
FN:75,(anonymous_13)
FNF:14
FNH:0
FNDA:0,(anonymous_0)
FNDA:0,(anonymous_1)
FNDA:0,(anonymous_2)
FNDA:0,(anonymous_3)
FNDA:0,(anonymous_4)
FNDA:0,(anonymous_5)
FNDA:0,(anonymous_6)
FNDA:0,(anonymous_7)
FNDA:0,(anonymous_8)
FNDA:0,(anonymous_9)
FNDA:0,(anonymous_10)
FNDA:0,(anonymous_11)
FNDA:0,(anonymous_12)
FNDA:0,(anonymous_13)
DA:3,3
DA:4,3
DA:6,3
DA:7,0
DA:8,0
DA:9,0
DA:14,0
DA:17,3
DA:19,0
DA:22,0
DA:23,0
DA:26,0
DA:27,0
DA:32,0
DA:33,0
DA:37,0
DA:38,0
DA:42,0
DA:43,0
DA:47,0
DA:48,0
DA:52,0
DA:53,0
DA:58,0
DA:59,0
DA:60,0
DA:64,0
DA:65,0
DA:68,0
DA:69,0
DA:72,0
DA:73,0
DA:76,0
DA:77,0
LF:34
LH:4
BRDA:8,0,0,0
BRDA:8,0,1,0
BRDA:58,1,0,0
BRDA:58,1,1,0
BRF:4
BRH:0
end_of_record
TN:
SF:src\services\appointmentService.jsx
FN:5,(anonymous_0)
FN:17,(anonymous_1)
FN:21,(anonymous_2)
FN:25,(anonymous_3)
FN:29,(anonymous_4)
FN:33,(anonymous_5)
FN:37,(anonymous_6)
FN:41,(anonymous_7)
FN:45,(anonymous_8)
FN:49,(anonymous_9)
FN:53,(anonymous_10)
FN:57,(anonymous_11)
FNF:12
FNH:12
FNDA:14,(anonymous_0)
FNDA:2,(anonymous_1)
FNDA:1,(anonymous_2)
FNDA:2,(anonymous_3)
FNDA:1,(anonymous_4)
FNDA:1,(anonymous_5)
FNDA:1,(anonymous_6)
FNDA:2,(anonymous_7)
FNDA:1,(anonymous_8)
FNDA:1,(anonymous_9)
FNDA:1,(anonymous_10)
FNDA:1,(anonymous_11)
DA:3,4
DA:5,4
DA:6,14
DA:7,14
DA:8,13
DA:13,1
DA:16,4
DA:18,2
DA:19,1
DA:22,1
DA:23,1
DA:26,2
DA:27,2
DA:30,1
DA:31,1
DA:34,1
DA:35,1
DA:38,1
DA:39,1
DA:42,2
DA:43,1
DA:46,1
DA:47,1
DA:50,1
DA:51,1
DA:54,1
DA:55,1
DA:58,1
DA:59,1
LF:29
LH:29
BRDA:7,0,0,13
BRDA:7,0,1,1
BRF:2
BRH:2
end_of_record
TN:
SF:src\services\authService.jsx
FN:6,(anonymous_0)
FN:15,(anonymous_1)
FN:27,(anonymous_2)
FN:34,(anonymous_3)
FNF:4
FNH:4
FNDA:4,(anonymous_0)
FNDA:3,(anonymous_1)
FNDA:2,(anonymous_2)
FNDA:5,(anonymous_3)
DA:3,5
DA:5,5
DA:8,4
DA:9,3
DA:10,2
DA:12,3
DA:16,3
DA:21,2
DA:22,1
DA:24,2
DA:28,2
DA:29,2
DA:30,2
DA:31,2
DA:35,5
DA:36,5
DA:37,5
DA:38,5
DA:39,5
DA:40,2
DA:42,3
LF:21
LH:21
BRDA:9,0,0,2
BRDA:9,0,1,1
BRDA:21,1,0,1
BRDA:21,1,1,1
BRDA:39,2,0,2
BRDA:39,2,1,3
BRDA:39,3,0,5
BRDA:39,3,1,3
BRF:8
BRH:8
end_of_record
TN:
SF:src\services\notificationService.jsx
FN:5,(anonymous_0)
FN:17,(anonymous_1)
FN:25,(anonymous_2)
FN:34,(anonymous_3)
FNF:4
FNH:4
FNDA:8,(anonymous_0)
FNDA:7,(anonymous_1)
FNDA:2,(anonymous_2)
FNDA:2,(anonymous_3)
DA:3,1
DA:5,1
DA:6,8
DA:7,8
DA:8,6
DA:13,2
DA:16,1
DA:18,7
DA:19,4
DA:22,3
DA:26,2
DA:31,1
DA:35,2
DA:39,1
LF:14
LH:14
BRDA:7,0,0,6
BRDA:7,0,1,2
BRDA:18,1,0,3
BRDA:18,1,1,4
BRF:4
BRH:4
end_of_record
TN:
SF:src\services\paymentService.jsx
FN:5,(anonymous_0)
FN:21,(anonymous_1)
FN:34,(anonymous_2)
FN:45,(anonymous_3)
FN:53,(anonymous_4)
FN:61,(anonymous_5)
FN:70,(anonymous_6)
FN:76,(anonymous_7)
FNF:8
FNH:0
FNDA:0,(anonymous_0)
FNDA:0,(anonymous_1)
FNDA:0,(anonymous_2)
FNDA:0,(anonymous_3)
FNDA:0,(anonymous_4)
FNDA:0,(anonymous_5)
FNDA:0,(anonymous_6)
FNDA:0,(anonymous_7)
DA:3,1
DA:5,1
DA:6,0
DA:7,0
DA:8,0
DA:10,0
DA:13,1
DA:22,0
DA:27,0
DA:35,0
DA:40,0
DA:46,0
DA:50,0
DA:54,0
DA:58,0
DA:62,0
DA:67,0
DA:71,0
DA:72,0
DA:77,0
DA:78,0
LF:21
LH:3
BRDA:7,0,0,0
BRDA:7,0,1,0
BRF:2
BRH:0
end_of_record
TN:
SF:src\services\recordService.jsx
FN:5,(anonymous_0)
FN:17,(anonymous_1)
FN:21,(anonymous_2)
FN:25,(anonymous_3)
FN:29,(anonymous_4)
FN:33,(anonymous_5)
FN:37,(anonymous_6)
FNF:7
FNH:0
FNDA:0,(anonymous_0)
FNDA:0,(anonymous_1)
FNDA:0,(anonymous_2)
FNDA:0,(anonymous_3)
FNDA:0,(anonymous_4)
FNDA:0,(anonymous_5)
FNDA:0,(anonymous_6)
DA:3,0
DA:5,0
DA:6,0
DA:7,0
DA:8,0
DA:13,0
DA:16,0
DA:18,0
DA:19,0
DA:22,0
DA:23,0
DA:26,0
DA:27,0
DA:30,0
DA:31,0
DA:34,0
DA:35,0
DA:38,0
DA:39,0
LF:19
LH:0
BRDA:7,0,0,0
BRDA:7,0,1,0
BRF:2
BRH:0
end_of_record
TN:
SF:src\services\reviewService.jsx
FN:5,(anonymous_0)
FN:14,(anonymous_1)
FN:18,(anonymous_2)
FN:22,(anonymous_3)
FN:26,(anonymous_4)
FN:30,(anonymous_5)
FN:34,(anonymous_6)
FNF:7
FNH:7
FNDA:13,(anonymous_0)
FNDA:3,(anonymous_1)
FNDA:2,(anonymous_2)
FNDA:3,(anonymous_3)
FNDA:2,(anonymous_4)
FNDA:1,(anonymous_5)
FNDA:2,(anonymous_6)
DA:3,1
DA:5,1
DA:6,13
DA:7,13
DA:8,11
DA:10,2
DA:13,1
DA:15,3
DA:16,2
DA:19,2
DA:20,1
DA:23,3
DA:24,2
DA:27,2
DA:28,1
DA:31,1
DA:32,1
DA:35,2
DA:36,1
LF:19
LH:19
BRDA:7,0,0,11
BRDA:7,0,1,2
BRF:2
BRH:2
end_of_record
